<?xml version="1.0" encoding="UTF-8"?>
<testng-results skipped="0" failed="0" ignored="0" total="2" passed="2">
  <reporter-output>
  </reporter-output>
  <suite name="Default suite" duration-ms="4309" started-at="2020-12-02T00:04:44 CST" finished-at="2020-12-02T00:04:48 CST">
    <groups>
    </groups>
    <test name="Default test" duration-ms="4309" started-at="2020-12-02T00:04:44 CST" finished-at="2020-12-02T00:04:48 CST">
      <class name="Test_GetBDDapproch">
        <test-method status="PASS" signature="Test_01()[pri:0, instance:Test_GetBDDapproch@23f7d05d]" name="Test_01" duration-ms="3778" started-at="2020-12-02T00:04:44 CST" finished-at="2020-12-02T00:04:47 CST">
          <reporter-output>
          </reporter-output>
        </test-method> <!-- Test_01 -->
        <test-method status="PASS" signature="Test_02()[pri:0, instance:Test_GetBDDapproch@23f7d05d]" name="Test_02" duration-ms="457" started-at="2020-12-02T00:04:47 CST" finished-at="2020-12-02T00:04:48 CST">
          <reporter-output>
          </reporter-output>
        </test-method> <!-- Test_02 -->
      </class> <!-- Test_GetBDDapproch -->
    </test> <!-- Default test -->
  </suite> <!-- Default suite -->
</testng-results>
